<?xml version="1.0" encoding="UTF-8"?>
<testsuite xmlns:xsi="http://www.w3.org/2001/XMLSchema-instance" xsi:noNamespaceSchemaLocation="https://maven.apache.org/surefire/maven-surefire-plugin/xsd/surefire-test-report-3.0.xsd" version="3.0" name="com.crpf.forms.SecurityIntegrationTest" time="11.31" tests="2" errors="0" skipped="0" failures="0">
  <properties>
[...]
</properties>
  <testcase name="testAuthenticationFlow" classname="com.crpf.forms.SecurityIntegrationTest" time="6.741">
    <system-out><![CDATA[2026-06-06T01:35:14.929+05:30  INFO 40196 --- [           main] t.c.s.AnnotationConfigContextLoaderUtils : Could not detect default configuration classes for test class [com.crpf.forms.SecurityIntegrationTest]: SecurityIntegrationTest does not declare any static, non-private, non-final, nested classes annotated with @Configuration.
2026-06-06T01:35:14.967+05:30  INFO 40196 --- [           main] .b.t.c.SpringBootTestContextBootstrapper : Found @SpringBootConfiguration com.crpf.forms.DynamicFormServiceApplication for test class com.crpf.forms.SecurityIntegrationTest

  .   ____          _            __ _ _
 /\\ / ___'_ __ _ _(_)_ __  __ _ \ \ \ \
( ( )\___ | '_ | '_| | '_ \/ _` | \ \ \ \
 \\/  ___)| |_)| | | | | || (_| |  ) ) ) )
  '  |____| .__|_| |_|_| |_\__, | / / / /
 =========|_|==============|___/=/_/_/_/
 :: Spring Boot ::                (v3.2.4)

2026-06-06T01:35:15.095+05:30  INFO 40196 --- [           main] com.crpf.forms.SecurityIntegrationTest   : Starting SecurityIntegrationTest using Java 21.0.5 with PID 40196 (started by 91975 in D:\dynamic-form-service-boilerplate)
2026-06-06T01:35:15.096+05:30  INFO 40196 --- [           main] com.crpf.forms.SecurityIntegrationTest   : The following 1 profile is active: "test"
2026-06-06T01:35:15.990+05:30  INFO 40196 --- [           main] .s.d.r.c.RepositoryConfigurationDelegate : Bootstrapping Spring Data JPA repositories in DEFAULT mode.
2026-06-06T01:35:16.027+05:30  INFO 40196 --- [           main] .s.d.r.c.RepositoryConfigurationDelegate : Finished Spring Data repository scanning in 36 ms. Found 6 JPA repository interfaces.
2026-06-06T01:35:16.272+05:30  INFO 40196 --- [           main] com.zaxxer.hikari.HikariDataSource       : HikariPool-2 - Starting...
2026-06-06T01:35:16.274+05:30  INFO 40196 --- [           main] com.zaxxer.hikari.pool.HikariPool        : HikariPool-2 - Added connection conn10: url=jdbc:h2:mem:testdb user=SA
2026-06-06T01:35:16.274+05:30  INFO 40196 --- [           main] com.zaxxer.hikari.HikariDataSource       : HikariPool-2 - Start completed.
2026-06-06T01:35:16.356+05:30  INFO 40196 --- [           main] org.flywaydb.core.FlywayExecutor         : Database: jdbc:h2:mem:testdb (H2 2.2)
2026-06-06T01:35:16.358+05:30  WARN 40196 --- [           main] o.f.c.internal.database.base.Database    : Flyway upgrade recommended: H2 2.2.224 is newer than this version of Flyway and support has not been tested. The latest supported version of H2 is 2.2.220.
2026-06-06T01:35:16.369+05:30  INFO 40196 --- [           main] o.f.core.internal.command.DbValidate     : Successfully validated 6 migrations (execution time 00:00.009s)
2026-06-06T01:35:16.373+05:30  INFO 40196 --- [           main] o.f.core.internal.command.DbMigrate      : Current version of schema "DYNAMIC_FORM": 5
2026-06-06T01:35:16.374+05:30  INFO 40196 --- [           main] o.f.core.internal.command.DbMigrate      : Schema "DYNAMIC_FORM" is up to date. No migration necessary.
2026-06-06T01:35:16.418+05:30  INFO 40196 --- [           main] o.hibernate.jpa.internal.util.LogHelper  : HHH000204: Processing PersistenceUnitInfo [name: default]
2026-06-06T01:35:16.423+05:30  INFO 40196 --- [           main] o.h.c.internal.RegionFactoryInitiator    : HHH000026: Second-level cache disabled
2026-06-06T01:35:16.428+05:30  INFO 40196 --- [           main] o.s.o.j.p.SpringPersistenceUnitInfo      : No LoadTimeWeaver setup: ignoring JPA class transformer
2026-06-06T01:35:16.430+05:30  WARN 40196 --- [           main] org.hibernate.orm.deprecation            : HHH90000025: H2Dialect does not need to be specified explicitly using 'hibernate.dialect' (remove the property setting and it will be selected by default)
2026-06-06T01:35:16.772+05:30  INFO 40196 --- [           main] o.h.e.t.j.p.i.JtaPlatformInitiator       : HHH000489: No JTA platform available (set 'hibernate.transaction.jta.platform' to enable JTA platform integration)
2026-06-06T01:35:16.773+05:30  INFO 40196 --- [           main] j.LocalContainerEntityManagerFactoryBean : Initialized JPA EntityManagerFactory for persistence unit 'default'
2026-06-06T01:35:17.360+05:30  WARN 40196 --- [           main] JpaBaseConfiguration$JpaWebConfiguration : spring.jpa.open-in-view is enabled by default. Therefore, database queries may be performed during view rendering. Explicitly configure spring.jpa.open-in-view to disable this warning
2026-06-06T01:35:17.664+05:30  INFO 40196 --- [           main] o.s.b.a.e.web.EndpointLinksResolver      : Exposing 1 endpoint(s) beneath base path '/actuator'
2026-06-06T01:35:17.716+05:30  INFO 40196 --- [           main] o.s.s.web.DefaultSecurityFilterChain     : Will secure any request with [org.springframework.security.web.session.DisableEncodeUrlFilter@12550aaf, org.springframework.security.web.context.request.async.WebAsyncManagerIntegrationFilter@784bb800, org.springframework.security.web.context.SecurityContextHolderFilter@46460f58, org.springframework.security.web.header.HeaderWriterFilter@3030a20, org.springframework.web.filter.CorsFilter@2c27d6e5, org.springframework.security.web.authentication.logout.LogoutFilter@66896ed0, com.crpf.forms.security.JwtAuthenticationFilter@4337cf96, org.springframework.security.web.savedrequest.RequestCacheAwareFilter@17dee9f9, org.springframework.security.web.servletapi.SecurityContextHolderAwareRequestFilter@40bfd515, org.springframework.security.web.authentication.AnonymousAuthenticationFilter@3eebbbf5, org.springframework.security.web.session.SessionManagementFilter@4219e848, org.springframework.security.web.access.ExceptionTranslationFilter@513156fd, org.springframework.security.web.access.intercept.AuthorizationFilter@4415cc21]
2026-06-06T01:35:18.394+05:30  INFO 40196 --- [           main] o.s.b.t.m.w.SpringBootMockServletContext : Initializing Spring TestDispatcherServlet ''
2026-06-06T01:35:18.395+05:30  INFO 40196 --- [           main] o.s.t.web.servlet.TestDispatcherServlet  : Initializing Servlet ''
2026-06-06T01:35:18.399+05:30  INFO 40196 --- [           main] o.s.t.web.servlet.TestDispatcherServlet  : Completed initialization in 4 ms
2026-06-06T01:35:18.446+05:30  INFO 40196 --- [           main] com.crpf.forms.SecurityIntegrationTest   : Started SecurityIntegrationTest in 3.47 seconds (process running for 28.78)
2026-06-06T01:35:18.541+05:30 DEBUG 40196 --- [           main] org.hibernate.SQL                        : 
    select
        u1_0.id,
        u1_0.created_at,
        u1_0.created_by,
        u1_0.deleted_at,
        u1_0.deleted_by,
        u1_0.enabled,
        u1_0.password,
        u1_0.updated_at,
        u1_0.updated_by,
        u1_0.username 
    from
        DYNAMIC_FORM.users u1_0 
    where
        u1_0.username=?
Hibernate: 
    select
        u1_0.id,
        u1_0.created_at,
        u1_0.created_by,
        u1_0.deleted_at,
        u1_0.deleted_by,
        u1_0.enabled,
        u1_0.password,
        u1_0.updated_at,
        u1_0.updated_by,
        u1_0.username 
    from
        DYNAMIC_FORM.users u1_0 
    where
        u1_0.username=?
2026-06-06T01:35:18.593+05:30 DEBUG 40196 --- [           main] org.hibernate.SQL                        : 
    select
        r1_0.user_id,
        r1_1.id,
        r1_1.role_name 
    from
        DYNAMIC_FORM.user_roles r1_0 
    join
        DYNAMIC_FORM.roles r1_1 
            on r1_1.id=r1_0.role_id 
    where
        r1_0.user_id=?
Hibernate: 
    select
        r1_0.user_id,
        r1_1.id,
        r1_1.role_name 
    from
        DYNAMIC_FORM.user_roles r1_0 
    join
        DYNAMIC_FORM.roles r1_1 
            on r1_1.id=r1_0.role_id 
    where
        r1_0.user_id=?
2026-06-06T01:35:18.825+05:30 DEBUG 40196 --- [           main] org.hibernate.SQL                        : 
    select
        u1_0.id,
        u1_0.created_at,
        u1_0.created_by,
        u1_0.deleted_at,
        u1_0.deleted_by,
        u1_0.enabled,
        u1_0.password,
        r1_0.user_id,
        r1_1.id,
        r1_1.role_name,
        u1_0.updated_at,
        u1_0.updated_by,
        u1_0.username 
    from
        DYNAMIC_FORM.users u1_0 
    left join
        DYNAMIC_FORM.user_roles r1_0 
            on u1_0.id=r1_0.user_id 
    left join
        DYNAMIC_FORM.roles r1_1 
            on r1_1.id=r1_0.role_id 
    where
        u1_0.id=?
Hibernate: 
    select
        u1_0.id,
        u1_0.created_at,
        u1_0.created_by,
        u1_0.deleted_at,
        u1_0.deleted_by,
        u1_0.enabled,
        u1_0.password,
        r1_0.user_id,
        r1_1.id,
        r1_1.role_name,
        u1_0.updated_at,
        u1_0.updated_by,
        u1_0.username 
    from
        DYNAMIC_FORM.users u1_0 
    left join
        DYNAMIC_FORM.user_roles r1_0 
            on u1_0.id=r1_0.user_id 
    left join
        DYNAMIC_FORM.roles r1_1 
            on r1_1.id=r1_0.role_id 
    where
        u1_0.id=?
2026-06-06T01:35:18.880+05:30 DEBUG 40196 --- [           main] org.hibernate.SQL                        : 
    update
        DYNAMIC_FORM.users 
    set
        deleted_at=?,
        deleted_by=?,
        enabled=?,
        password=?,
        updated_at=?,
        updated_by=?,
        username=? 
    where
        id=?
Hibernate: 
    update
        DYNAMIC_FORM.users 
    set
        deleted_at=?,
        deleted_by=?,
        enabled=?,
        password=?,
        updated_at=?,
        updated_by=?,
        username=? 
    where
        id=?
2026-06-06T01:35:18.896+05:30 DEBUG 40196 --- [           main] org.hibernate.SQL                        : 
    select
        u1_0.id,
        u1_0.created_at,
        u1_0.created_by,
        u1_0.deleted_at,
        u1_0.deleted_by,
        u1_0.enabled,
        u1_0.password,
        u1_0.updated_at,
        u1_0.updated_by,
        u1_0.username 
    from
        DYNAMIC_FORM.users u1_0 
    where
        u1_0.username=?
Hibernate: 
    select
        u1_0.id,
        u1_0.created_at,
        u1_0.created_by,
        u1_0.deleted_at,
        u1_0.deleted_by,
        u1_0.enabled,
        u1_0.password,
        u1_0.updated_at,
        u1_0.updated_by,
        u1_0.username 
    from
        DYNAMIC_FORM.users u1_0 
    where
        u1_0.username=?
2026-06-06T01:35:18.899+05:30 DEBUG 40196 --- [           main] org.hibernate.SQL                        : 
    select
        r1_0.user_id,
        r1_1.id,
        r1_1.role_name 
    from
        DYNAMIC_FORM.user_roles r1_0 
    join
        DYNAMIC_FORM.roles r1_1 
            on r1_1.id=r1_0.role_id 
    where
        r1_0.user_id=?
Hibernate: 
    select
        r1_0.user_id,
        r1_1.id,
        r1_1.role_name 
    from
        DYNAMIC_FORM.user_roles r1_0 
    join
        DYNAMIC_FORM.roles r1_1 
            on r1_1.id=r1_0.role_id 
    where
        r1_0.user_id=?
2026-06-06T01:35:19.432+05:30 DEBUG 40196 --- [           main] org.hibernate.SQL                        : 
    select
        u1_0.id,
        u1_0.created_at,
        u1_0.created_by,
        u1_0.deleted_at,
        u1_0.deleted_by,
        u1_0.enabled,
        u1_0.password,
        r1_0.user_id,
        r1_1.id,
        r1_1.role_name,
        u1_0.updated_at,
        u1_0.updated_by,
        u1_0.username 
    from
        DYNAMIC_FORM.users u1_0 
    left join
        DYNAMIC_FORM.user_roles r1_0 
            on u1_0.id=r1_0.user_id 
    left join
        DYNAMIC_FORM.roles r1_1 
            on r1_1.id=r1_0.role_id 
    where
        u1_0.id=?
Hibernate: 
    select
        u1_0.id,
        u1_0.created_at,
        u1_0.created_by,
        u1_0.deleted_at,
        u1_0.deleted_by,
        u1_0.enabled,
        u1_0.password,
        r1_0.user_id,
        r1_1.id,
        r1_1.role_name,
        u1_0.updated_at,
        u1_0.updated_by,
        u1_0.username 
    from
        DYNAMIC_FORM.users u1_0 
    left join
        DYNAMIC_FORM.user_roles r1_0 
            on u1_0.id=r1_0.user_id 
    left join
        DYNAMIC_FORM.roles r1_1 
            on r1_1.id=r1_0.role_id 
    where
        u1_0.id=?
2026-06-06T01:35:19.592+05:30 DEBUG 40196 --- [           main] org.hibernate.SQL                        : 
    update
        DYNAMIC_FORM.users 
    set
        deleted_at=?,
        deleted_by=?,
        enabled=?,
        password=?,
        updated_at=?,
        updated_by=?,
        username=? 
    where
        id=?
Hibernate: 
    update
        DYNAMIC_FORM.users 
    set
        deleted_at=?,
        deleted_by=?,
        enabled=?,
        password=?,
        updated_at=?,
        updated_by=?,
        username=? 
    where
        id=?
2026-06-06T01:35:20.928+05:30 DEBUG 40196 --- [           main] o.s.security.web.FilterChainProxy        : Securing POST /api/auth/login
2026-06-06T01:35:20.993+05:30 DEBUG 40196 --- [           main] o.s.s.w.a.AnonymousAuthenticationFilter  : Set SecurityContextHolder to anonymous SecurityContext
2026-06-06T01:35:21.029+05:30 DEBUG 40196 --- [           main] o.s.security.web.FilterChainProxy        : Secured POST /api/auth/login
2026-06-06T01:35:22.508+05:30 DEBUG 40196 --- [           main] org.hibernate.SQL                        : 
    select
        u1_0.id,
        u1_0.created_at,
        u1_0.created_by,
        u1_0.deleted_at,
        u1_0.deleted_by,
        u1_0.enabled,
        u1_0.password,
        u1_0.updated_at,
        u1_0.updated_by,
        u1_0.username 
    from
        DYNAMIC_FORM.users u1_0 
    where
        u1_0.username=? 
        and u1_0.enabled
Hibernate: 
    select
        u1_0.id,
        u1_0.created_at,
        u1_0.created_by,
        u1_0.deleted_at,
        u1_0.deleted_by,
        u1_0.enabled,
        u1_0.password,
        u1_0.updated_at,
        u1_0.updated_by,
        u1_0.username 
    from
        DYNAMIC_FORM.users u1_0 
    where
        u1_0.username=? 
        and u1_0.enabled
2026-06-06T01:35:22.525+05:30 DEBUG 40196 --- [           main] org.hibernate.SQL                        : 
    select
        r1_0.user_id,
        r1_1.id,
        r1_1.role_name 
    from
        DYNAMIC_FORM.user_roles r1_0 
    join
        DYNAMIC_FORM.roles r1_1 
            on r1_1.id=r1_0.role_id 
    where
        r1_0.user_id=?
Hibernate: 
    select
        r1_0.user_id,
        r1_1.id,
        r1_1.role_name 
    from
        DYNAMIC_FORM.user_roles r1_0 
    join
        DYNAMIC_FORM.roles r1_1 
            on r1_1.id=r1_0.role_id 
    where
        r1_0.user_id=?
2026-06-06T01:35:23.020+05:30 DEBUG 40196 --- [           main] o.s.s.a.dao.DaoAuthenticationProvider    : Authenticated user
2026-06-06T01:35:23.572+05:30 DEBUG 40196 --- [           main] o.s.security.web.FilterChainProxy        : Securing GET /api/forms
2026-06-06T01:35:23.992+05:30 DEBUG 40196 --- [           main] org.hibernate.SQL                        : 
    select
        u1_0.id,
        u1_0.created_at,
        u1_0.created_by,
        u1_0.deleted_at,
        u1_0.deleted_by,
        u1_0.enabled,
        u1_0.password,
        u1_0.updated_at,
        u1_0.updated_by,
        u1_0.username 
    from
        DYNAMIC_FORM.users u1_0 
    where
        u1_0.username=? 
        and u1_0.enabled
Hibernate: 
    select
        u1_0.id,
        u1_0.created_at,
        u1_0.created_by,
        u1_0.deleted_at,
        u1_0.deleted_by,
        u1_0.enabled,
        u1_0.password,
        u1_0.updated_at,
        u1_0.updated_by,
        u1_0.username 
    from
        DYNAMIC_FORM.users u1_0 
    where
        u1_0.username=? 
        and u1_0.enabled
2026-06-06T01:35:24.008+05:30 DEBUG 40196 --- [           main] org.hibernate.SQL                        : 
    select
        r1_0.user_id,
        r1_1.id,
        r1_1.role_name 
    from
        DYNAMIC_FORM.user_roles r1_0 
    join
        DYNAMIC_FORM.roles r1_1 
            on r1_1.id=r1_0.role_id 
    where
        r1_0.user_id=?
Hibernate: 
    select
        r1_0.user_id,
        r1_1.id,
        r1_1.role_name 
    from
        DYNAMIC_FORM.user_roles r1_0 
    join
        DYNAMIC_FORM.roles r1_1 
            on r1_1.id=r1_0.role_id 
    where
        r1_0.user_id=?
2026-06-06T01:35:24.051+05:30 DEBUG 40196 --- [           main] o.s.security.web.FilterChainProxy        : Secured GET /api/forms
2026-06-06T01:35:24.098+05:30 DEBUG 40196 --- [           main] horizationManagerBeforeMethodInterceptor : Authorizing method invocation ReflectiveMethodInvocation: public org.springframework.http.ResponseEntity com.crpf.forms.controller.MetadataController.getAllForms(); target is of class [com.crpf.forms.controller.MetadataController]
2026-06-06T01:35:24.337+05:30 DEBUG 40196 --- [           main] horizationManagerBeforeMethodInterceptor : Authorized method invocation ReflectiveMethodInvocation: public org.springframework.http.ResponseEntity com.crpf.forms.controller.MetadataController.getAllForms(); target is of class [com.crpf.forms.controller.MetadataController]
2026-06-06T01:35:24.355+05:30 DEBUG 40196 --- [           main] org.hibernate.SQL                        : 
    select
        fm1_0.id,
        fm1_0.active,
        fm1_0.description,
        fm1_0.form_name 
    from
        DYNAMIC_FORM.form_metadata fm1_0 
    where
        fm1_0.active
Hibernate: 
    select
        fm1_0.id,
        fm1_0.active,
        fm1_0.description,
        fm1_0.form_name 
    from
        DYNAMIC_FORM.form_metadata fm1_0 
    where
        fm1_0.active
2026-06-06T01:35:24.385+05:30 DEBUG 40196 --- [           main] org.hibernate.SQL                        : 
    select
        f1_0.form_id,
        f1_0.id,
        f1_0.depends_on_field,
        f1_0.depends_on_value,
        f1_0.display_order,
        f1_0.editable,
        f1_0.field_name,
        f1_0.field_type,
        f1_0.label,
        f1_0.max_length,
        f1_0.min_length,
        f1_0.regex_pattern,
        f1_0.required,
        f1_0.visible 
    from
        DYNAMIC_FORM.form_field_metadata f1_0 
    where
        f1_0.form_id=?
Hibernate: 
    select
        f1_0.form_id,
        f1_0.id,
        f1_0.depends_on_field,
        f1_0.depends_on_value,
        f1_0.display_order,
        f1_0.editable,
        f1_0.field_name,
        f1_0.field_type,
        f1_0.label,
        f1_0.max_length,
        f1_0.min_length,
        f1_0.regex_pattern,
        f1_0.required,
        f1_0.visible 
    from
        DYNAMIC_FORM.form_field_metadata f1_0 
    where
        f1_0.form_id=?
2026-06-06T01:35:24.449+05:30 DEBUG 40196 --- [           main] org.hibernate.SQL                        : 
    select
        f1_0.form_id,
        f1_0.id,
        f1_0.depends_on_field,
        f1_0.depends_on_value,
        f1_0.display_order,
        f1_0.editable,
        f1_0.field_name,
        f1_0.field_type,
        f1_0.label,
        f1_0.max_length,
        f1_0.min_length,
        f1_0.regex_pattern,
        f1_0.required,
        f1_0.visible 
    from
        DYNAMIC_FORM.form_field_metadata f1_0 
    where
        f1_0.form_id=?
Hibernate: 
    select
        f1_0.form_id,
        f1_0.id,
        f1_0.depends_on_field,
        f1_0.depends_on_value,
        f1_0.display_order,
        f1_0.editable,
        f1_0.field_name,
        f1_0.field_type,
        f1_0.label,
        f1_0.max_length,
        f1_0.min_length,
        f1_0.regex_pattern,
        f1_0.required,
        f1_0.visible 
    from
        DYNAMIC_FORM.form_field_metadata f1_0 
    where
        f1_0.form_id=?
2026-06-06T01:35:24.512+05:30 DEBUG 40196 --- [           main] o.s.security.web.FilterChainProxy        : Securing POST /api/auth/login
2026-06-06T01:35:24.514+05:30 DEBUG 40196 --- [           main] o.s.s.w.a.AnonymousAuthenticationFilter  : Set SecurityContextHolder to anonymous SecurityContext
2026-06-06T01:35:24.517+05:30 DEBUG 40196 --- [           main] o.s.security.web.FilterChainProxy        : Secured POST /api/auth/login
2026-06-06T01:35:24.526+05:30 DEBUG 40196 --- [           main] org.hibernate.SQL                        : 
    select
        u1_0.id,
        u1_0.created_at,
        u1_0.created_by,
        u1_0.deleted_at,
        u1_0.deleted_by,
        u1_0.enabled,
        u1_0.password,
        u1_0.updated_at,
        u1_0.updated_by,
        u1_0.username 
    from
        DYNAMIC_FORM.users u1_0 
    where
        u1_0.username=? 
        and u1_0.enabled
Hibernate: 
    select
        u1_0.id,
        u1_0.created_at,
        u1_0.created_by,
        u1_0.deleted_at,
        u1_0.deleted_by,
        u1_0.enabled,
        u1_0.password,
        u1_0.updated_at,
        u1_0.updated_by,
        u1_0.username 
    from
        DYNAMIC_FORM.users u1_0 
    where
        u1_0.username=? 
        and u1_0.enabled
2026-06-06T01:35:24.531+05:30 DEBUG 40196 --- [           main] org.hibernate.SQL                        : 
    select
        r1_0.user_id,
        r1_1.id,
        r1_1.role_name 
    from
        DYNAMIC_FORM.user_roles r1_0 
    join
        DYNAMIC_FORM.roles r1_1 
            on r1_1.id=r1_0.role_id 
    where
        r1_0.user_id=?
Hibernate: 
    select
        r1_0.user_id,
        r1_1.id,
        r1_1.role_name 
    from
        DYNAMIC_FORM.user_roles r1_0 
    join
        DYNAMIC_FORM.roles r1_1 
            on r1_1.id=r1_0.role_id 
    where
        r1_0.user_id=?
2026-06-06T01:35:24.843+05:30 DEBUG 40196 --- [           main] o.s.s.a.dao.DaoAuthenticationProvider    : Authenticated user
2026-06-06T01:35:24.857+05:30 DEBUG 40196 --- [           main] o.s.security.web.FilterChainProxy        : Securing DELETE /api/education/1
2026-06-06T01:35:24.880+05:30 DEBUG 40196 --- [           main] org.hibernate.SQL                        : 
    select
        u1_0.id,
        u1_0.created_at,
        u1_0.created_by,
        u1_0.deleted_at,
        u1_0.deleted_by,
        u1_0.enabled,
        u1_0.password,
        u1_0.updated_at,
        u1_0.updated_by,
        u1_0.username 
    from
        DYNAMIC_FORM.users u1_0 
    where
        u1_0.username=? 
        and u1_0.enabled
Hibernate: 
    select
        u1_0.id,
        u1_0.created_at,
        u1_0.created_by,
        u1_0.deleted_at,
        u1_0.deleted_by,
        u1_0.enabled,
        u1_0.password,
        u1_0.updated_at,
        u1_0.updated_by,
        u1_0.username 
    from
        DYNAMIC_FORM.users u1_0 
    where
        u1_0.username=? 
        and u1_0.enabled
2026-06-06T01:35:24.883+05:30 DEBUG 40196 --- [           main] org.hibernate.SQL                        : 
    select
        r1_0.user_id,
        r1_1.id,
        r1_1.role_name 
    from
        DYNAMIC_FORM.user_roles r1_0 
    join
        DYNAMIC_FORM.roles r1_1 
            on r1_1.id=r1_0.role_id 
    where
        r1_0.user_id=?
Hibernate: 
    select
        r1_0.user_id,
        r1_1.id,
        r1_1.role_name 
    from
        DYNAMIC_FORM.user_roles r1_0 
    join
        DYNAMIC_FORM.roles r1_1 
            on r1_1.id=r1_0.role_id 
    where
        r1_0.user_id=?
2026-06-06T01:35:24.889+05:30 DEBUG 40196 --- [           main] o.s.security.web.FilterChainProxy        : Secured DELETE /api/education/1
2026-06-06T01:35:24.896+05:30 DEBUG 40196 --- [           main] horizationManagerBeforeMethodInterceptor : Authorizing method invocation ReflectiveMethodInvocation: public org.springframework.http.ResponseEntity com.crpf.forms.controller.EducationController.deleteRecord(java.lang.Long); target is of class [com.crpf.forms.controller.EducationController]
2026-06-06T01:35:24.913+05:30 DEBUG 40196 --- [           main] horizationManagerBeforeMethodInterceptor : Failed to authorize ReflectiveMethodInvocation: public org.springframework.http.ResponseEntity com.crpf.forms.controller.EducationController.deleteRecord(java.lang.Long); target is of class [com.crpf.forms.controller.EducationController] with authorization manager org.springframework.security.config.annotation.method.configuration.DeferringObservationAuthorizationManager@30cf6802 and decision ExpressionAuthorizationDecision [granted=false, expressionAttribute=hasAuthority('DELETE')]
2026-06-06T01:35:24.956+05:30 DEBUG 40196 --- [           main] o.s.security.web.FilterChainProxy        : Securing DELETE /api/education/999
2026-06-06T01:35:24.977+05:30 DEBUG 40196 --- [           main] org.hibernate.SQL                        : 
    select
        u1_0.id,
        u1_0.created_at,
        u1_0.created_by,
        u1_0.deleted_at,
        u1_0.deleted_by,
        u1_0.enabled,
        u1_0.password,
        u1_0.updated_at,
        u1_0.updated_by,
        u1_0.username 
    from
        DYNAMIC_FORM.users u1_0 
    where
        u1_0.username=? 
        and u1_0.enabled
Hibernate: 
    select
        u1_0.id,
        u1_0.created_at,
        u1_0.created_by,
        u1_0.deleted_at,
        u1_0.deleted_by,
        u1_0.enabled,
        u1_0.password,
        u1_0.updated_at,
        u1_0.updated_by,
        u1_0.username 
    from
        DYNAMIC_FORM.users u1_0 
    where
        u1_0.username=? 
        and u1_0.enabled
2026-06-06T01:35:24.981+05:30 DEBUG 40196 --- [           main] org.hibernate.SQL                        : 
    select
        r1_0.user_id,
        r1_1.id,
        r1_1.role_name 
    from
        DYNAMIC_FORM.user_roles r1_0 
    join
        DYNAMIC_FORM.roles r1_1 
            on r1_1.id=r1_0.role_id 
    where
        r1_0.user_id=?
Hibernate: 
    select
        r1_0.user_id,
        r1_1.id,
        r1_1.role_name 
    from
        DYNAMIC_FORM.user_roles r1_0 
    join
        DYNAMIC_FORM.roles r1_1 
            on r1_1.id=r1_0.role_id 
    where
        r1_0.user_id=?
2026-06-06T01:35:24.997+05:30 DEBUG 40196 --- [           main] o.s.security.web.FilterChainProxy        : Secured DELETE /api/education/999
2026-06-06T01:35:25.013+05:30 DEBUG 40196 --- [           main] horizationManagerBeforeMethodInterceptor : Authorizing method invocation ReflectiveMethodInvocation: public org.springframework.http.ResponseEntity com.crpf.forms.controller.EducationController.deleteRecord(java.lang.Long); target is of class [com.crpf.forms.controller.EducationController]
2026-06-06T01:35:25.019+05:30 DEBUG 40196 --- [           main] horizationManagerBeforeMethodInterceptor : Authorized method invocation ReflectiveMethodInvocation: public org.springframework.http.ResponseEntity com.crpf.forms.controller.EducationController.deleteRecord(java.lang.Long); target is of class [com.crpf.forms.controller.EducationController]
2026-06-06T01:35:25.158+05:30 DEBUG 40196 --- [           main] org.hibernate.SQL                        : 
    select
        er1_0.id,
        er1_0.active,
        er1_0.created_at,
        er1_0.created_by,
        er1_0.deleted_at,
        er1_0.deleted_by,
        er1_0.education_type,
        er1_0.end_date,
        er1_0.exam_passed,
        er1_0.force_no,
        er1_0.name,
        er1_0.passing_year,
        er1_0.rank,
        er1_0.remarks,
        er1_0.school_name,
        er1_0.start_date,
        er1_0.subject1,
        er1_0.subject2,
        er1_0.subject3,
        er1_0.unit,
        er1_0.updated_at,
        er1_0.updated_by 
    from
        DYNAMIC_FORM.education_record er1_0 
    where
        er1_0.id=? 
        and er1_0.active
Hibernate: 
    select
        er1_0.id,
        er1_0.active,
        er1_0.created_at,
        er1_0.created_by,
        er1_0.deleted_at,
        er1_0.deleted_by,
        er1_0.education_type,
        er1_0.end_date,
        er1_0.exam_passed,
        er1_0.force_no,
        er1_0.name,
        er1_0.passing_year,
        er1_0.rank,
        er1_0.remarks,
        er1_0.school_name,
        er1_0.start_date,
        er1_0.subject1,
        er1_0.subject2,
        er1_0.subject3,
        er1_0.unit,
        er1_0.updated_at,
        er1_0.updated_by 
    from
        DYNAMIC_FORM.education_record er1_0 
    where
        er1_0.id=? 
        and er1_0.active
]]></system-out>
  </testcase>
  <testcase name="testUnauthenticatedRequestIsUnauthorized" classname="com.crpf.forms.SecurityIntegrationTest" time="1.025">
    <system-out><![CDATA[2026-06-06T01:35:25.227+05:30 DEBUG 40196 --- [           main] org.hibernate.SQL                        : 
    select
        u1_0.id,
        u1_0.created_at,
        u1_0.created_by,
        u1_0.deleted_at,
        u1_0.deleted_by,
        u1_0.enabled,
        u1_0.password,
        u1_0.updated_at,
        u1_0.updated_by,
        u1_0.username 
    from
        DYNAMIC_FORM.users u1_0 
    where
        u1_0.username=?
Hibernate: 
    select
        u1_0.id,
        u1_0.created_at,
        u1_0.created_by,
        u1_0.deleted_at,
        u1_0.deleted_by,
        u1_0.enabled,
        u1_0.password,
        u1_0.updated_at,
        u1_0.updated_by,
        u1_0.username 
    from
        DYNAMIC_FORM.users u1_0 
    where
        u1_0.username=?
2026-06-06T01:35:25.233+05:30 DEBUG 40196 --- [           main] org.hibernate.SQL                        : 
    select
        r1_0.user_id,
        r1_1.id,
        r1_1.role_name 
    from
        DYNAMIC_FORM.user_roles r1_0 
    join
        DYNAMIC_FORM.roles r1_1 
            on r1_1.id=r1_0.role_id 
    where
        r1_0.user_id=?
Hibernate: 
    select
        r1_0.user_id,
        r1_1.id,
        r1_1.role_name 
    from
        DYNAMIC_FORM.user_roles r1_0 
    join
        DYNAMIC_FORM.roles r1_1 
            on r1_1.id=r1_0.role_id 
    where
        r1_0.user_id=?
2026-06-06T01:35:25.661+05:30 DEBUG 40196 --- [           main] org.hibernate.SQL                        : 
    select
        u1_0.id,
        u1_0.created_at,
        u1_0.created_by,
        u1_0.deleted_at,
        u1_0.deleted_by,
        u1_0.enabled,
        u1_0.password,
        r1_0.user_id,
        r1_1.id,
        r1_1.role_name,
        u1_0.updated_at,
        u1_0.updated_by,
        u1_0.username 
    from
        DYNAMIC_FORM.users u1_0 
    left join
        DYNAMIC_FORM.user_roles r1_0 
            on u1_0.id=r1_0.user_id 
    left join
        DYNAMIC_FORM.roles r1_1 
            on r1_1.id=r1_0.role_id 
    where
        u1_0.id=?
Hibernate: 
    select
        u1_0.id,
        u1_0.created_at,
        u1_0.created_by,
        u1_0.deleted_at,
        u1_0.deleted_by,
        u1_0.enabled,
        u1_0.password,
        r1_0.user_id,
        r1_1.id,
        r1_1.role_name,
        u1_0.updated_at,
        u1_0.updated_by,
        u1_0.username 
    from
        DYNAMIC_FORM.users u1_0 
    left join
        DYNAMIC_FORM.user_roles r1_0 
            on u1_0.id=r1_0.user_id 
    left join
        DYNAMIC_FORM.roles r1_1 
            on r1_1.id=r1_0.role_id 
    where
        u1_0.id=?
2026-06-06T01:35:25.669+05:30 DEBUG 40196 --- [           main] org.hibernate.SQL                        : 
    update
        DYNAMIC_FORM.users 
    set
        deleted_at=?,
        deleted_by=?,
        enabled=?,
        password=?,
        updated_at=?,
        updated_by=?,
        username=? 
    where
        id=?
Hibernate: 
    update
        DYNAMIC_FORM.users 
    set
        deleted_at=?,
        deleted_by=?,
        enabled=?,
        password=?,
        updated_at=?,
        updated_by=?,
        username=? 
    where
        id=?
2026-06-06T01:35:25.677+05:30 DEBUG 40196 --- [           main] org.hibernate.SQL                        : 
    select
        u1_0.id,
        u1_0.created_at,
        u1_0.created_by,
        u1_0.deleted_at,
        u1_0.deleted_by,
        u1_0.enabled,
        u1_0.password,
        u1_0.updated_at,
        u1_0.updated_by,
        u1_0.username 
    from
        DYNAMIC_FORM.users u1_0 
    where
        u1_0.username=?
Hibernate: 
    select
        u1_0.id,
        u1_0.created_at,
        u1_0.created_by,
        u1_0.deleted_at,
        u1_0.deleted_by,
        u1_0.enabled,
        u1_0.password,
        u1_0.updated_at,
        u1_0.updated_by,
        u1_0.username 
    from
        DYNAMIC_FORM.users u1_0 
    where
        u1_0.username=?
2026-06-06T01:35:25.680+05:30 DEBUG 40196 --- [           main] org.hibernate.SQL                        : 
    select
        r1_0.user_id,
        r1_1.id,
        r1_1.role_name 
    from
        DYNAMIC_FORM.user_roles r1_0 
    join
        DYNAMIC_FORM.roles r1_1 
            on r1_1.id=r1_0.role_id 
    where
        r1_0.user_id=?
Hibernate: 
    select
        r1_0.user_id,
        r1_1.id,
        r1_1.role_name 
    from
        DYNAMIC_FORM.user_roles r1_0 
    join
        DYNAMIC_FORM.roles r1_1 
            on r1_1.id=r1_0.role_id 
    where
        r1_0.user_id=?
2026-06-06T01:35:26.003+05:30 DEBUG 40196 --- [           main] org.hibernate.SQL                        : 
    select
        u1_0.id,
        u1_0.created_at,
        u1_0.created_by,
        u1_0.deleted_at,
        u1_0.deleted_by,
        u1_0.enabled,
        u1_0.password,
        r1_0.user_id,
        r1_1.id,
        r1_1.role_name,
        u1_0.updated_at,
        u1_0.updated_by,
        u1_0.username 
    from
        DYNAMIC_FORM.users u1_0 
    left join
        DYNAMIC_FORM.user_roles r1_0 
            on u1_0.id=r1_0.user_id 
    left join
        DYNAMIC_FORM.roles r1_1 
            on r1_1.id=r1_0.role_id 
    where
        u1_0.id=?
Hibernate: 
    select
        u1_0.id,
        u1_0.created_at,
        u1_0.created_by,
        u1_0.deleted_at,
        u1_0.deleted_by,
        u1_0.enabled,
        u1_0.password,
        r1_0.user_id,
        r1_1.id,
        r1_1.role_name,
        u1_0.updated_at,
        u1_0.updated_by,
        u1_0.username 
    from
        DYNAMIC_FORM.users u1_0 
    left join
        DYNAMIC_FORM.user_roles r1_0 
            on u1_0.id=r1_0.user_id 
    left join
        DYNAMIC_FORM.roles r1_1 
            on r1_1.id=r1_0.role_id 
    where
        u1_0.id=?
2026-06-06T01:35:26.010+05:30 DEBUG 40196 --- [           main] org.hibernate.SQL                        : 
    update
        DYNAMIC_FORM.users 
    set
        deleted_at=?,
        deleted_by=?,
        enabled=?,
        password=?,
        updated_at=?,
        updated_by=?,
        username=? 
    where
        id=?
Hibernate: 
    update
        DYNAMIC_FORM.users 
    set
        deleted_at=?,
        deleted_by=?,
        enabled=?,
        password=?,
        updated_at=?,
        updated_by=?,
        username=? 
    where
        id=?
2026-06-06T01:35:26.054+05:30 DEBUG 40196 --- [           main] o.s.security.web.FilterChainProxy        : Securing GET /api/forms
2026-06-06T01:35:26.055+05:30 DEBUG 40196 --- [           main] o.s.s.w.a.AnonymousAuthenticationFilter  : Set SecurityContextHolder to anonymous SecurityContext
]]></system-out>
  </testcase>
</testsuite>