<?xml version="1.0" encoding="UTF-8"?>
<testsuite xmlns:xsi="http://www.w3.org/2001/XMLSchema-instance" xsi:noNamespaceSchemaLocation="https://maven.apache.org/surefire/maven-surefire-plugin/xsd/surefire-test-report-3.0.xsd" version="3.0" name="com.crpf.forms.repository.EducationRecordRepositoryTest" time="24.072" tests="2" errors="0" skipped="0" failures="0">
  <properties>
[...]
</properties>
  <testcase name="testDuplicateVerificationChecks" classname="com.crpf.forms.repository.EducationRecordRepositoryTest" time="1.752">
    <system-out><![CDATA[01:34:51.236 [main] INFO org.springframework.test.context.support.AnnotationConfigContextLoaderUtils -- Could not detect default configuration classes for test class [com.crpf.forms.repository.EducationRecordRepositoryTest]: EducationRecordRepositoryTest does not declare any static, non-private, non-final, nested classes annotated with @Configuration.
01:34:51.436 [main] INFO org.springframework.boot.test.context.SpringBootTestContextBootstrapper -- Found @SpringBootConfiguration com.crpf.forms.DynamicFormServiceApplication for test class com.crpf.forms.repository.EducationRecordRepositoryTest

  .   ____          _            __ _ _
 /\\ / ___'_ __ _ _(_)_ __  __ _ \ \ \ \
( ( )\___ | '_ | '_| | '_ \/ _` | \ \ \ \
 \\/  ___)| |_)| | | | | || (_| |  ) ) ) )
  '  |____| .__|_| |_|_| |_\__, | / / / /
 =========|_|==============|___/=/_/_/_/
 :: Spring Boot ::                (v3.2.4)

2026-06-06T01:34:52.142+05:30  INFO 40196 --- [           main] c.c.f.r.EducationRecordRepositoryTest    : Starting EducationRecordRepositoryTest using Java 21.0.5 with PID 40196 (started by 91975 in D:\dynamic-form-service-boilerplate)
2026-06-06T01:34:52.144+05:30  INFO 40196 --- [           main] c.c.f.r.EducationRecordRepositoryTest    : The following 1 profile is active: "test"
2026-06-06T01:34:54.727+05:30  INFO 40196 --- [           main] .s.d.r.c.RepositoryConfigurationDelegate : Bootstrapping Spring Data JPA repositories in DEFAULT mode.
2026-06-06T01:34:54.838+05:30  INFO 40196 --- [           main] .s.d.r.c.RepositoryConfigurationDelegate : Finished Spring Data repository scanning in 98 ms. Found 6 JPA repository interfaces.
2026-06-06T01:34:56.656+05:30  INFO 40196 --- [           main] com.zaxxer.hikari.HikariDataSource       : HikariPool-1 - Starting...
2026-06-06T01:34:57.112+05:30  INFO 40196 --- [           main] com.zaxxer.hikari.pool.HikariPool        : HikariPool-1 - Added connection conn0: url=jdbc:h2:mem:testdb user=SA
2026-06-06T01:34:57.115+05:30  INFO 40196 --- [           main] com.zaxxer.hikari.HikariDataSource       : HikariPool-1 - Start completed.
2026-06-06T01:34:57.250+05:30  INFO 40196 --- [           main] o.f.c.internal.license.VersionPrinter    : Flyway Community Edition 9.22.3 by Redgate
2026-06-06T01:34:57.250+05:30  INFO 40196 --- [           main] o.f.c.internal.license.VersionPrinter    : See release notes here: https://rd.gt/416ObMi
2026-06-06T01:34:57.250+05:30  INFO 40196 --- [           main] o.f.c.internal.license.VersionPrinter    : 
2026-06-06T01:34:57.342+05:30  INFO 40196 --- [           main] org.flywaydb.core.FlywayExecutor         : Database: jdbc:h2:mem:testdb (H2 2.2)
2026-06-06T01:34:57.359+05:30  WARN 40196 --- [           main] o.f.c.internal.database.base.Database    : Flyway upgrade recommended: H2 2.2.224 is newer than this version of Flyway and support has not been tested. The latest supported version of H2 is 2.2.220.
2026-06-06T01:34:57.459+05:30  INFO 40196 --- [           main] o.f.core.internal.database.base.Schema   : Creating schema "DYNAMIC_FORM" ...
2026-06-06T01:34:57.467+05:30  INFO 40196 --- [           main] o.f.c.i.s.JdbcTableSchemaHistory         : Creating Schema History table "DYNAMIC_FORM"."flyway_schema_history" ...
2026-06-06T01:34:57.553+05:30  INFO 40196 --- [           main] o.f.core.internal.command.DbMigrate      : Current version of schema "DYNAMIC_FORM": null
2026-06-06T01:34:57.580+05:30  INFO 40196 --- [           main] o.f.core.internal.command.DbMigrate      : Migrating schema "DYNAMIC_FORM" to version "1 - Create Metadata Tables"
2026-06-06T01:34:57.632+05:30  INFO 40196 --- [           main] o.f.core.internal.command.DbMigrate      : Migrating schema "DYNAMIC_FORM" to version "2 - Create Education Table"
2026-06-06T01:34:57.648+05:30  INFO 40196 --- [           main] o.f.core.internal.command.DbMigrate      : Migrating schema "DYNAMIC_FORM" to version "3 - Create Family Table"
2026-06-06T01:34:57.660+05:30  INFO 40196 --- [           main] o.f.core.internal.command.DbMigrate      : Migrating schema "DYNAMIC_FORM" to version "4 - Create Security Tables"
2026-06-06T01:34:57.697+05:30  INFO 40196 --- [           main] o.f.core.internal.command.DbMigrate      : Migrating schema "DYNAMIC_FORM" to version "5 - Seed Metadata"
2026-06-06T01:34:57.750+05:30  INFO 40196 --- [           main] o.f.core.internal.command.DbMigrate      : Successfully applied 5 migrations to schema "DYNAMIC_FORM", now at version v5 (execution time 00:00.086s)
2026-06-06T01:34:57.982+05:30  INFO 40196 --- [           main] o.hibernate.jpa.internal.util.LogHelper  : HHH000204: Processing PersistenceUnitInfo [name: default]
2026-06-06T01:34:58.203+05:30  INFO 40196 --- [           main] org.hibernate.Version                    : HHH000412: Hibernate ORM core version 6.4.4.Final
2026-06-06T01:34:58.263+05:30  INFO 40196 --- [           main] o.h.c.internal.RegionFactoryInitiator    : HHH000026: Second-level cache disabled
2026-06-06T01:34:58.627+05:30  INFO 40196 --- [           main] o.s.o.j.p.SpringPersistenceUnitInfo      : No LoadTimeWeaver setup: ignoring JPA class transformer
2026-06-06T01:34:58.726+05:30  WARN 40196 --- [           main] org.hibernate.orm.deprecation            : HHH90000025: H2Dialect does not need to be specified explicitly using 'hibernate.dialect' (remove the property setting and it will be selected by default)
2026-06-06T01:35:00.908+05:30  INFO 40196 --- [           main] o.h.e.t.j.p.i.JtaPlatformInitiator       : HHH000489: No JTA platform available (set 'hibernate.transaction.jta.platform' to enable JTA platform integration)
2026-06-06T01:35:00.966+05:30  INFO 40196 --- [           main] j.LocalContainerEntityManagerFactoryBean : Initialized JPA EntityManagerFactory for persistence unit 'default'
2026-06-06T01:35:09.298+05:30  WARN 40196 --- [           main] JpaBaseConfiguration$JpaWebConfiguration : spring.jpa.open-in-view is enabled by default. Therefore, database queries may be performed during view rendering. Explicitly configure spring.jpa.open-in-view to disable this warning
2026-06-06T01:35:10.574+05:30  INFO 40196 --- [           main] o.s.b.a.e.web.EndpointLinksResolver      : Exposing 1 endpoint(s) beneath base path '/actuator'
2026-06-06T01:35:10.857+05:30  INFO 40196 --- [           main] o.s.s.web.DefaultSecurityFilterChain     : Will secure any request with [org.springframework.security.web.session.DisableEncodeUrlFilter@2662997a, org.springframework.security.web.context.request.async.WebAsyncManagerIntegrationFilter@329b4814, org.springframework.security.web.context.SecurityContextHolderFilter@6dad684f, org.springframework.security.web.header.HeaderWriterFilter@342615e2, org.springframework.web.filter.CorsFilter@26204f8f, org.springframework.security.web.authentication.logout.LogoutFilter@cdf3815, com.crpf.forms.security.JwtAuthenticationFilter@311819e8, org.springframework.security.web.savedrequest.RequestCacheAwareFilter@24c7563b, org.springframework.security.web.servletapi.SecurityContextHolderAwareRequestFilter@76e14208, org.springframework.security.web.authentication.AnonymousAuthenticationFilter@1419f703, org.springframework.security.web.session.SessionManagementFilter@171b82ea, org.springframework.security.web.access.ExceptionTranslationFilter@674687b3, org.springframework.security.web.access.intercept.AuthorizationFilter@e471cef]
2026-06-06T01:35:12.879+05:30  INFO 40196 --- [           main] c.c.f.r.EducationRecordRepositoryTest    : Started EducationRecordRepositoryTest in 21.226 seconds (process running for 23.211)
2026-06-06T01:35:14.413+05:30 DEBUG 40196 --- [           main] org.hibernate.SQL                        : 
    insert 
    into
        DYNAMIC_FORM.education_record
        (active, created_at, created_by, deleted_at, deleted_by, education_type, end_date, exam_passed, force_no, name, passing_year, rank, remarks, school_name, start_date, subject1, subject2, subject3, unit, updated_at, updated_by, id) 
    values
        (?, ?, ?, ?, ?, ?, ?, ?, ?, ?, ?, ?, ?, ?, ?, ?, ?, ?, ?, ?, ?, default)
Hibernate: 
    insert 
    into
        DYNAMIC_FORM.education_record
        (active, created_at, created_by, deleted_at, deleted_by, education_type, end_date, exam_passed, force_no, name, passing_year, rank, remarks, school_name, start_date, subject1, subject2, subject3, unit, updated_at, updated_by, id) 
    values
        (?, ?, ?, ?, ?, ?, ?, ?, ?, ?, ?, ?, ?, ?, ?, ?, ?, ?, ?, ?, ?, default)
2026-06-06T01:35:14.815+05:30 DEBUG 40196 --- [           main] org.hibernate.SQL                        : 
    select
        er1_0.id 
    from
        DYNAMIC_FORM.education_record er1_0 
    where
        er1_0.force_no=? 
        and er1_0.education_type=? 
        and er1_0.exam_passed=? 
        and er1_0.active 
    fetch
        first ? rows only
Hibernate: 
    select
        er1_0.id 
    from
        DYNAMIC_FORM.education_record er1_0 
    where
        er1_0.force_no=? 
        and er1_0.education_type=? 
        and er1_0.exam_passed=? 
        and er1_0.active 
    fetch
        first ? rows only
2026-06-06T01:35:14.831+05:30 DEBUG 40196 --- [           main] org.hibernate.SQL                        : 
    select
        er1_0.id 
    from
        DYNAMIC_FORM.education_record er1_0 
    where
        er1_0.force_no=? 
        and er1_0.education_type=? 
        and er1_0.exam_passed=? 
        and er1_0.active 
    fetch
        first ? rows only
Hibernate: 
    select
        er1_0.id 
    from
        DYNAMIC_FORM.education_record er1_0 
    where
        er1_0.force_no=? 
        and er1_0.education_type=? 
        and er1_0.exam_passed=? 
        and er1_0.active 
    fetch
        first ? rows only
]]></system-out>
    <system-err><![CDATA[WARNING: A Java agent has been loaded dynamically (C:\Users\91975\.m2\repository\net\bytebuddy\byte-buddy-agent\1.14.12\byte-buddy-agent-1.14.12.jar)
WARNING: If a serviceability tool is in use, please run with -XX:+EnableDynamicAgentLoading to hide this warning
WARNING: If a serviceability tool is not in use, please run with -Djdk.instrument.traceUsage for more information
WARNING: Dynamic loading of agents will be disallowed by default in a future release
]]></system-err>
  </testcase>
  <testcase name="testSaveRecordAndAuditing" classname="com.crpf.forms.repository.EducationRecordRepositoryTest" time="0.036">
    <system-out><![CDATA[2026-06-06T01:35:14.879+05:30 DEBUG 40196 --- [           main] org.hibernate.SQL                        : 
    insert 
    into
        DYNAMIC_FORM.education_record
        (active, created_at, created_by, deleted_at, deleted_by, education_type, end_date, exam_passed, force_no, name, passing_year, rank, remarks, school_name, start_date, subject1, subject2, subject3, unit, updated_at, updated_by, id) 
    values
        (?, ?, ?, ?, ?, ?, ?, ?, ?, ?, ?, ?, ?, ?, ?, ?, ?, ?, ?, ?, ?, default)
Hibernate: 
    insert 
    into
        DYNAMIC_FORM.education_record
        (active, created_at, created_by, deleted_at, deleted_by, education_type, end_date, exam_passed, force_no, name, passing_year, rank, remarks, school_name, start_date, subject1, subject2, subject3, unit, updated_at, updated_by, id) 
    values
        (?, ?, ?, ?, ?, ?, ?, ?, ?, ?, ?, ?, ?, ?, ?, ?, ?, ?, ?, ?, ?, default)
2026-06-06T01:35:14.900+05:30 DEBUG 40196 --- [           main] org.hibernate.SQL                        : 
    select
        er1_0.id,
        er1_0.active,
        er1_0.created_at,
        er1_0.created_by,
        er1_0.deleted_at,
        er1_0.deleted_by,
        er1_0.education_type,
        er1_0.end_date,
        er1_0.exam_passed,
        er1_0.force_no,
        er1_0.name,
        er1_0.passing_year,
        er1_0.rank,
        er1_0.remarks,
        er1_0.school_name,
        er1_0.start_date,
        er1_0.subject1,
        er1_0.subject2,
        er1_0.subject3,
        er1_0.unit,
        er1_0.updated_at,
        er1_0.updated_by 
    from
        DYNAMIC_FORM.education_record er1_0 
    where
        er1_0.active
Hibernate: 
    select
        er1_0.id,
        er1_0.active,
        er1_0.created_at,
        er1_0.created_by,
        er1_0.deleted_at,
        er1_0.deleted_by,
        er1_0.education_type,
        er1_0.end_date,
        er1_0.exam_passed,
        er1_0.force_no,
        er1_0.name,
        er1_0.passing_year,
        er1_0.rank,
        er1_0.remarks,
        er1_0.school_name,
        er1_0.start_date,
        er1_0.subject1,
        er1_0.subject2,
        er1_0.subject3,
        er1_0.unit,
        er1_0.updated_at,
        er1_0.updated_by 
    from
        DYNAMIC_FORM.education_record er1_0 
    where
        er1_0.active
2026-06-06T01:35:14.906+05:30 DEBUG 40196 --- [           main] org.hibernate.SQL                        : 
    select
        er1_0.id,
        er1_0.active,
        er1_0.created_at,
        er1_0.created_by,
        er1_0.deleted_at,
        er1_0.deleted_by,
        er1_0.education_type,
        er1_0.end_date,
        er1_0.exam_passed,
        er1_0.force_no,
        er1_0.name,
        er1_0.passing_year,
        er1_0.rank,
        er1_0.remarks,
        er1_0.school_name,
        er1_0.start_date,
        er1_0.subject1,
        er1_0.subject2,
        er1_0.subject3,
        er1_0.unit,
        er1_0.updated_at,
        er1_0.updated_by 
    from
        DYNAMIC_FORM.education_record er1_0 
    where
        er1_0.id=? 
        and er1_0.active
Hibernate: 
    select
        er1_0.id,
        er1_0.active,
        er1_0.created_at,
        er1_0.created_by,
        er1_0.deleted_at,
        er1_0.deleted_by,
        er1_0.education_type,
        er1_0.end_date,
        er1_0.exam_passed,
        er1_0.force_no,
        er1_0.name,
        er1_0.passing_year,
        er1_0.rank,
        er1_0.remarks,
        er1_0.school_name,
        er1_0.start_date,
        er1_0.subject1,
        er1_0.subject2,
        er1_0.subject3,
        er1_0.unit,
        er1_0.updated_at,
        er1_0.updated_by 
    from
        DYNAMIC_FORM.education_record er1_0 
    where
        er1_0.id=? 
        and er1_0.active
]]></system-out>
  </testcase>
</testsuite>